<?xml version="1.0" encoding="utf-8"?>
<TestRun id="24bede4b-2399-47ac-9f46-ea8262747a24" name="@EPTRANKW0048 2024-02-23 20:37:48" xmlns="http://microsoft.com/schemas/VisualStudio/TeamTest/2010">
  <Times creation="2024-02-23T20:37:48.4130460+03:00" queuing="2024-02-23T20:37:48.4130460+03:00" start="2024-02-23T20:37:46.7174510+03:00" finish="2024-02-23T20:37:48.4305320+03:00" />
  <TestSettings name="default" id="fd5ccf75-ab0a-48f0-b014-175c542a08b4">
    <Deployment runDeploymentRoot="_EPTRANKW0048_2024-02-23_20_37_48" />
  </TestSettings>
  <Results>
    <UnitTestResult executionId="839e7c91-5bee-41ac-9786-c8cc9779e5f0" testId="450f719f-9caa-3596-0a18-dade4553245b" testName="Siren.UnitTests.Tests.Test1" computerName="EPTRANKW0048" duration="00:00:00.0021800" startTime="2024-02-23T20:37:48.1717950+03:00" endTime="2024-02-23T20:37:48.1718050+03:00" testType="13cdc9d9-ddb5-4fa4-a97d-d965ccfc6d4b" outcome="Passed" testListId="8c84fa94-04c1-424b-9868-57a2d4851a1d" relativeResultsDirectory="839e7c91-5bee-41ac-9786-c8cc9779e5f0" />
  </Results>
  <TestDefinitions>
    <UnitTest name="Siren.UnitTests.Tests.Test1" storage="/users/dzianiszhukouski/work/dzianis zhukouski/siren/tests/siren.unittests/bin/release/net8.0/siren.unittests.dll" id="450f719f-9caa-3596-0a18-dade4553245b">
      <Execution id="839e7c91-5bee-41ac-9786-c8cc9779e5f0" />
      <TestMethod codeBase="/Users/dzianiszhukouski/Work/Dzianis Zhukouski/Siren/tests/Siren.UnitTests/bin/Release/net8.0/Siren.UnitTests.dll" adapterTypeName="executor://xunit/VsTestRunner2/netcoreapp" className="Siren.UnitTests.Tests" name="Test1" />
    </UnitTest>
  </TestDefinitions>
  <TestEntries>
    <TestEntry testId="450f719f-9caa-3596-0a18-dade4553245b" executionId="839e7c91-5bee-41ac-9786-c8cc9779e5f0" testListId="8c84fa94-04c1-424b-9868-57a2d4851a1d" />
  </TestEntries>
  <TestLists>
    <TestList name="Results Not in a List" id="8c84fa94-04c1-424b-9868-57a2d4851a1d" />
    <TestList name="All Loaded Results" id="19431567-8539-422a-85d7-44ee4e166bda" />
  </TestLists>
  <ResultSummary outcome="Completed">
    <Counters total="1" executed="1" passed="1" failed="0" error="0" timeout="0" aborted="0" inconclusive="0" passedButRunAborted="0" notRunnable="0" notExecuted="0" disconnected="0" warning="0" completed="0" inProgress="0" pending="0" />
    <Output>
      <StdOut>[xUnit.net 00:00:00.03] xUnit.net VSTest Adapter v2.5.7+8f2703126a (64-bit .NET 8.0.0)
[xUnit.net 00:00:00.20]   Discovering: Siren.UnitTests
[xUnit.net 00:00:00.28]   Discovered:  Siren.UnitTests
[xUnit.net 00:00:00.29]   Starting:    Siren.UnitTests
[xUnit.net 00:00:00.63]   Finished:    Siren.UnitTests
</StdOut>
    </Output>
    <RunInfos>
      <RunInfo computerName="EPTRANKW0048" outcome="Warning" timestamp="2024-02-23T20:37:47.4038300+03:00">
        <Text>Data collection : Unable to find a datacollector with friendly name 'XPlat Code Coverage'.</Text>
      </RunInfo>
      <RunInfo computerName="EPTRANKW0048" outcome="Warning" timestamp="2024-02-23T20:37:47.4075070+03:00">
        <Text>Data collection : Could not find data collector 'XPlat Code Coverage'</Text>
      </RunInfo>
    </RunInfos>
  </ResultSummary>
</TestRun>